<?xml version="1.0" encoding="UTF-8" ?>
<testsuite tests="1" failures="0" name="org.example.basicapp.AppTest" time="0.006" errors="0" skipped="0">
  <properties>
    <property name="java.runtime.name" value="Java(TM) SE Runtime Environment"/>
    <property name="java.vm.version" value="11.0.2+9-LTS"/>
    <property name="sun.boot.library.path" value="C:\Program Files\Java\jdk-11.0.2\bin"/>
    <property name="java.vm.vendor" value="Oracle Corporation"/>
    <property name="java.vendor.url" value="http://java.oracle.com/"/>
    <property name="guice.disable.misplaced.annotation.check" value="true"/>
    <property name="path.separator" value=";"/>
    <property name="java.vm.name" value="Java HotSpot(TM) 64-Bit Server VM"/>
    <property name="sun.os.patch.level" value=""/>
    <property name="user.script" value=""/>
    <property name="user.country" value="US"/>
    <property name="sun.java.launcher" value="SUN_STANDARD"/>
    <property name="java.vm.specification.name" value="Java Virtual Machine Specification"/>
    <property name="user.dir" value="C:\Users\harsh\Udamy\awsS3\myapp"/>
    <property name="java.vm.compressedOopsMode" value="32-bit"/>
    <property name="java.runtime.version" value="11.0.2+9-LTS"/>
    <property name="java.awt.graphicsenv" value="sun.awt.Win32GraphicsEnvironment"/>
    <property name="os.arch" value="amd64"/>
    <property name="java.io.tmpdir" value="C:\Users\harsh\AppData\Local\Temp\"/>
    <property name="line.separator" value="
"/>
    <property name="java.vm.specification.vendor" value="Oracle Corporation"/>
    <property name="user.variant" value=""/>
    <property name="os.name" value="Windows 10"/>
    <property name="classworlds.conf" value="C:\Users\harsh\MyEnv\apache-maven-3.2.2-bin\apache-maven-3.2.2\bin\..\bin\m2.conf"/>
    <property name="sun.jnu.encoding" value="Cp1252"/>
    <property name="java.library.path" value="C:\Program Files\Java\jdk-11.0.2\bin;C:\WINDOWS\Sun\Java\bin;C:\WINDOWS\system32;C:\WINDOWS;C:\Program Files (x86)\Common Files\Oracle\Java\javapath;C:\Users\harsh\bin\Sencha\Cmd\5.0.2.270;C:\Program Files (x86)\Intel\iCLS Client\;C:\Program Files\Intel\iCLS Client\;C:\WINDOWS\system32;C:\WINDOWS;C:\WINDOWS\System32\Wbem;C:\WINDOWS\System32\WindowsPowerShell\v1.0\;C:\Program Files (x86)\Intel\OpenCL SDK\3.0\bin\x86;C:\Program Files (x86)\Intel\OpenCL SDK\3.0\bin\x64;C:\Program Files\Intel\Intel(R) Management Engine Components\DAL;C:\Program Files\Intel\Intel(R) Management Engine Components\IPT;C:\Program Files (x86)\Intel\Intel(R) Management Engine Components\DAL;C:\Program Files (x86)\Intel\Intel(R) Management Engine Components\IPT;C:\Program Files (x86)\scala\bin;C:\Users\harsh\MyEnv\apache-maven-3.2.2-bin\apache-maven-3.2.2\bin;C:\Users\harsh\MyEnv\CassandraAlt\cassandra\cassandra\ant\bin;C:\Ruby21-x64;C:\Users\harsh\MyCurl\curl-7.33.0-win64-nossl;C:\Users\harsh\MyEnv\gradle-4.6-bin\gradle-4.6\bin;C:\Users\harsh\MyEnv\MyGroovy\groovy-2.4.5\bin;C:\Users\harsh\MyEnv\MySpringBoot\spring-1.3.0.RELEASE\bin;C:\Program Files\Java\jdk-11.0.2\bin;C:\Users\harsh\MyEnv\sbt-0.13.11\sbt\bin;C:\sparkalt\bin;C:\zookeeper-3.4.8\bin;C:\Program Files\Oracle\VirtualBox;C:\Users\harsh\AppData\Roaming\npm;C:\ProgramData\chocolatey\bin;C:\Program Files\OpenSSH-Win64;C:\Users\harsh\Kotlin\kotlin-compiler-1.1.51\kotlinc\bin;C:\Users\harsh\Anaconda2;C:\Program Files\MongoDB\Server\3.6\bin;C:\Program Files\nodejs\;C:\Program Files\LLVM\bin;C:\proto3\bin;C:\WINDOWS\System32\OpenSSH\;C:\Go\bin;C:\Users\harsh\Udamy\cassandra\cassandra\bin;C:\Python27;C:\kube;C:\Program Files\Cloud Foundry;C:\Program Files\Amazon\AWSCLI\bin\;C:\Users\harsh\Anaconda2;C:\Users\harsh\Anaconda2\Library\mingw-w64\bin;C:\Users\harsh\Anaconda2\Library\usr\bin;C:\Users\harsh\Anaconda2\Library\bin;C:\Users\harsh\Anaconda2\Scripts;c:\users\harsh\appdata\local\enthought\canopy\user\scripts;C:\RailsInstaller\Git\cmd;C:\RailsInstaller\Ruby2.1.0\bin;C:\Users\harsh\AppData\Local\Enthought\Canopy\User;C:\Users\harsh\AppData\Local\Enthought\Canopy\User\Scripts;C:\Program Files (x86)\Microsoft VS Code\bin;C:\Users\harsh\AppData\Local\Microsoft\WindowsApps;C:\Program Files\Java\jdk1.8.0_65\bin;C:\spark\bin;C:\Program Files\Docker Toolbox;C:\Users\harsh\AppData\Roaming\npm;C:\Program Files\LLVM\bin;C:\Users\harsh\go\bin;C:\Users\harsh\AppData\Local\Google\Cloud SDK\google-cloud-sdk\bin;C:\Program Files\JetBrains\WebStorm 2018.3.2\bin;;."/>
    <property name="jdk.debug" value="release"/>
    <property name="java.class.version" value="55.0"/>
    <property name="java.specification.name" value="Java Platform API Specification"/>
    <property name="sun.management.compiler" value="HotSpot 64-Bit Tiered Compilers"/>
    <property name="os.version" value="10.0"/>
    <property name="user.home" value="C:\Users\harsh"/>
    <property name="user.timezone" value="America/Los_Angeles"/>
    <property name="java.awt.printerjob" value="sun.awt.windows.WPrinterJob"/>
    <property name="file.encoding" value="Cp1252"/>
    <property name="java.specification.version" value="11"/>
    <property name="user.name" value="harsh"/>
    <property name="java.class.path" value="C:\Users\harsh\MyEnv\apache-maven-3.2.2-bin\apache-maven-3.2.2\bin\..\boot\plexus-classworlds-2.5.1.jar"/>
    <property name="org.slf4j.simpleLogger.defaultLogLevel" value="info"/>
    <property name="java.vm.specification.version" value="11"/>
    <property name="sun.arch.data.model" value="64"/>
    <property name="sun.java.command" value="org.codehaus.plexus.classworlds.launcher.Launcher clean install"/>
    <property name="java.home" value="C:\Program Files\Java\jdk-11.0.2"/>
    <property name="user.language" value="en"/>
    <property name="java.specification.vendor" value="Oracle Corporation"/>
    <property name="awt.toolkit" value="sun.awt.windows.WToolkit"/>
    <property name="java.vm.info" value="mixed mode"/>
    <property name="java.version" value="11.0.2"/>
    <property name="java.vendor" value="Oracle Corporation"/>
    <property name="sun.stderr.encoding" value="cp437"/>
    <property name="maven.home" value="C:\Users\harsh\MyEnv\apache-maven-3.2.2-bin\apache-maven-3.2.2\bin\.."/>
    <property name="file.separator" value="\"/>
    <property name="java.version.date" value="2019-01-15"/>
    <property name="java.vendor.url.bug" value="http://bugreport.java.com/bugreport/"/>
    <property name="sun.io.unicode.encoding" value="UnicodeLittle"/>
    <property name="sun.cpu.endian" value="little"/>
    <property name="java.vendor.version" value="18.9"/>
    <property name="sun.stdout.encoding" value="cp437"/>
    <property name="sun.desktop" value="windows"/>
    <property name="sun.cpu.isalist" value="amd64"/>
  </properties>
  <testcase classname="org.example.basicapp.AppTest" name="testApp" time="0.006"/>
</testsuite>